<?xml version="1.0" encoding="UTF-8"?>
<!-- Generated by org.testng.reporters.JUnitXMLReporter -->
<testsuite hostname="KHEI14-LT16" ignored="0" name="Surefire test" tests="3" failures="0" timestamp="22 Aug 2017 02:09:08 GMT" time="78.249" errors="0">
  <testcase name="feature" time="23.523" classname="cucumber.api.testng.AbstractTestNGCucumberTests"/>
  <testcase name="feature" time="46.361" classname="cucumber.api.testng.AbstractTestNGCucumberTests"/>
  <testcase name="feature" time="8.005" classname="cucumber.api.testng.AbstractTestNGCucumberTests"/>
</testsuite> <!-- Surefire test -->
