<?xml version="1.0" encoding="UTF-8"?>
<!-- Generated by org.testng.reporters.JUnitXMLReporter -->
<testsuite hostname="KHEI14-LT16" ignored="0" name="Surefire test" tests="3" failures="0" timestamp="23 Aug 2017 08:13:45 GMT" time="82.674" errors="0">
  <testcase name="feature" time="28.611" classname="cucumber.api.testng.AbstractTestNGCucumberTests"/>
  <testcase name="feature" time="46.047" classname="cucumber.api.testng.AbstractTestNGCucumberTests"/>
  <testcase name="feature" time="7.672" classname="cucumber.api.testng.AbstractTestNGCucumberTests"/>
</testsuite> <!-- Surefire test -->
