<?xml version="1.0" encoding="UTF-8"?>
<testng-results skipped="0" failed="0" ignored="0" total="3" passed="3">
  <reporter-output>
  </reporter-output>
  <suite name="Surefire suite" duration-ms="78249" started-at="2017-08-22T02:07:50Z" finished-at="2017-08-22T02:09:08Z">
    <groups>
      <group name="cucumber">
        <method signature="AbstractTestNGCucumberTests.feature(cucumber.api.testng.CucumberFeatureWrapper)[pri:0, instance:Runner.TestRunner@7225790e]" name="feature" class="cucumber.api.testng.AbstractTestNGCucumberTests"/>
      </group> <!-- cucumber -->
    </groups>
    <test name="Surefire test" duration-ms="78249" started-at="2017-08-22T02:07:50Z" finished-at="2017-08-22T02:09:08Z">
      <class name="Runner.TestRunner">
        <test-method status="PASS" signature="setUpClass()[pri:0, instance:Runner.TestRunner@7225790e]" name="setUpClass" is-config="true" duration-ms="266" started-at="2017-08-22T10:07:50Z" finished-at="2017-08-22T10:07:50Z">
          <reporter-output>
          </reporter-output>
        </test-method> <!-- setUpClass -->
        <test-method status="PASS" signature="feature(cucumber.api.testng.CucumberFeatureWrapper)[pri:0, instance:Runner.TestRunner@7225790e]" name="feature" duration-ms="23523" started-at="2017-08-22T10:07:50Z" description="Runs Cucumber Feature" data-provider="features" finished-at="2017-08-22T10:08:14Z">
          <params>
            <param index="0">
              <value>
                <![CDATA[Create Notification]]>
              </value>
            </param>
          </params>
          <reporter-output>
          </reporter-output>
        </test-method> <!-- feature -->
        <test-method status="PASS" signature="feature(cucumber.api.testng.CucumberFeatureWrapper)[pri:0, instance:Runner.TestRunner@7225790e]" name="feature" duration-ms="46361" started-at="2017-08-22T10:08:14Z" description="Runs Cucumber Feature" data-provider="features" finished-at="2017-08-22T10:09:00Z">
          <params>
            <param index="0">
              <value>
                <![CDATA[Self Services Module]]>
              </value>
            </param>
          </params>
          <reporter-output>
          </reporter-output>
        </test-method> <!-- feature -->
        <test-method status="PASS" signature="feature(cucumber.api.testng.CucumberFeatureWrapper)[pri:0, instance:Runner.TestRunner@7225790e]" name="feature" duration-ms="8005" started-at="2017-08-22T10:09:00Z" description="Runs Cucumber Feature" data-provider="features" finished-at="2017-08-22T10:09:08Z">
          <params>
            <param index="0">
              <value>
                <![CDATA[View Notification]]>
              </value>
            </param>
          </params>
          <reporter-output>
          </reporter-output>
        </test-method> <!-- feature -->
        <test-method status="PASS" signature="tearDownClass()[pri:0, instance:Runner.TestRunner@7225790e]" name="tearDownClass" is-config="true" duration-ms="16" started-at="2017-08-22T10:09:08Z" finished-at="2017-08-22T10:09:08Z">
          <reporter-output>
          </reporter-output>
        </test-method> <!-- tearDownClass -->
      </class> <!-- Runner.TestRunner -->
    </test> <!-- Surefire test -->
  </suite> <!-- Surefire suite -->
</testng-results>
