<?xml version="1.0" encoding="UTF-8"?>
<testng-results skipped="0" failed="0" ignored="0" total="3" passed="3">
  <reporter-output>
  </reporter-output>
  <suite name="Surefire suite" duration-ms="114913" started-at="2017-09-12T02:03:05Z" finished-at="2017-09-12T02:05:00Z">
    <groups>
      <group name="cucumber">
        <method signature="AbstractTestNGCucumberTests.feature(cucumber.api.testng.CucumberFeatureWrapper)[pri:0, instance:Runner.TestRunner@7225790e]" name="feature" class="cucumber.api.testng.AbstractTestNGCucumberTests"/>
      </group> <!-- cucumber -->
    </groups>
    <test name="Surefire test" duration-ms="114913" started-at="2017-09-12T02:03:05Z" finished-at="2017-09-12T02:05:00Z">
      <class name="Runner.TestRunner">
        <test-method status="PASS" signature="setUpClass()[pri:0, instance:Runner.TestRunner@7225790e]" name="setUpClass" is-config="true" duration-ms="235" started-at="2017-09-12T10:03:05Z" finished-at="2017-09-12T10:03:05Z">
          <reporter-output>
          </reporter-output>
        </test-method> <!-- setUpClass -->
        <test-method status="PASS" signature="feature(cucumber.api.testng.CucumberFeatureWrapper)[pri:0, instance:Runner.TestRunner@7225790e]" name="feature" duration-ms="42143" started-at="2017-09-12T10:03:05Z" description="Runs Cucumber Feature" data-provider="features" finished-at="2017-09-12T10:03:47Z">
          <params>
            <param index="0">
              <value>
                <![CDATA[Create Notification]]>
              </value>
            </param>
          </params>
          <reporter-output>
          </reporter-output>
        </test-method> <!-- feature -->
        <test-method status="PASS" signature="feature(cucumber.api.testng.CucumberFeatureWrapper)[pri:0, instance:Runner.TestRunner@7225790e]" name="feature" duration-ms="64139" started-at="2017-09-12T10:03:47Z" description="Runs Cucumber Feature" data-provider="features" finished-at="2017-09-12T10:04:51Z">
          <params>
            <param index="0">
              <value>
                <![CDATA[Self Services Module]]>
              </value>
            </param>
          </params>
          <reporter-output>
          </reporter-output>
        </test-method> <!-- feature -->
        <test-method status="PASS" signature="feature(cucumber.api.testng.CucumberFeatureWrapper)[pri:0, instance:Runner.TestRunner@7225790e]" name="feature" duration-ms="8303" started-at="2017-09-12T10:04:51Z" description="Runs Cucumber Feature" data-provider="features" finished-at="2017-09-12T10:05:00Z">
          <params>
            <param index="0">
              <value>
                <![CDATA[View Notification]]>
              </value>
            </param>
          </params>
          <reporter-output>
          </reporter-output>
        </test-method> <!-- feature -->
        <test-method status="PASS" signature="tearDownClass()[pri:0, instance:Runner.TestRunner@7225790e]" name="tearDownClass" is-config="true" duration-ms="15" started-at="2017-09-12T10:05:00Z" finished-at="2017-09-12T10:05:00Z">
          <reporter-output>
          </reporter-output>
        </test-method> <!-- tearDownClass -->
      </class> <!-- Runner.TestRunner -->
    </test> <!-- Surefire test -->
  </suite> <!-- Surefire suite -->
</testng-results>
